Using Spark's default log4j profile: org/apache/spark/log4j-defaults.properties
20/11/10 17:49:29 INFO SparkContext: Running Spark version 1.5.2
20/11/10 17:49:30 WARN NativeCodeLoader: Unable to load native-hadoop library for your platform... using builtin-java classes where applicable
20/11/10 17:49:30 INFO SecurityManager: Changing view acls to: pnm6326
20/11/10 17:49:30 INFO SecurityManager: Changing modify acls to: pnm6326
20/11/10 17:49:30 INFO SecurityManager: SecurityManager: authentication disabled; ui acls disabled; users with view permissions: Set(pnm6326); users with modify permissions: Set(pnm6326)
20/11/10 17:49:30 INFO Slf4jLogger: Slf4jLogger started
20/11/10 17:49:30 INFO Remoting: Starting remoting
20/11/10 17:49:30 INFO Remoting: Remoting started; listening on addresses :[akka.tcp://sparkDriver@198.202.118.106:34262]
20/11/10 17:49:30 INFO Utils: Successfully started service 'sparkDriver' on port 34262.
20/11/10 17:49:30 INFO SparkEnv: Registering MapOutputTracker
20/11/10 17:49:30 INFO SparkEnv: Registering BlockManagerMaster
20/11/10 17:49:30 INFO DiskBlockManager: Created local directory at /tmp/blockmgr-3c8b8d5c-0a8e-4e70-ae42-f7bc50b9a60d
20/11/10 17:49:30 INFO MemoryStore: MemoryStore started with capacity 530.0 MB
20/11/10 17:49:30 INFO HttpFileServer: HTTP File server directory is /tmp/spark-d5bc2ed1-886d-4626-96a0-050525681dfb/httpd-8753e8c4-7b4b-4d6a-8aaf-6c3a4e2e4fcd
20/11/10 17:49:30 INFO HttpServer: Starting HTTP Server
20/11/10 17:49:30 INFO Utils: Successfully started service 'HTTP file server' on port 35773.
20/11/10 17:49:30 INFO SparkEnv: Registering OutputCommitCoordinator
20/11/10 17:49:31 INFO Utils: Successfully started service 'SparkUI' on port 4040.
20/11/10 17:49:31 INFO SparkUI: Started SparkUI at http://198.202.118.106:4040
20/11/10 17:49:31 INFO SparkContext: Added JAR file:/home/pnm6326/project55/partition.jar at http://198.202.118.106:35773/jars/partition.jar with timestamp 1605059371089
20/11/10 17:49:31 WARN MetricsSystem: Using default name DAGScheduler for source because spark.app.id is not set.
20/11/10 17:49:31 INFO Executor: Starting executor ID driver on host localhost
20/11/10 17:49:31 INFO Utils: Successfully started service 'org.apache.spark.network.netty.NettyBlockTransferService' on port 45360.
20/11/10 17:49:31 INFO NettyBlockTransferService: Server created on 45360
20/11/10 17:49:31 INFO BlockManagerMaster: Trying to register BlockManager
20/11/10 17:49:31 INFO BlockManagerMasterEndpoint: Registering block manager localhost:45360 with 530.0 MB RAM, BlockManagerId(driver, localhost, 45360)
20/11/10 17:49:31 INFO BlockManagerMaster: Registered BlockManager
20/11/10 17:49:31 INFO MemoryStore: ensureFreeSpace(120040) called with curMem=0, maxMem=555755765
20/11/10 17:49:31 INFO MemoryStore: Block broadcast_0 stored as values in memory (estimated size 117.2 KB, free 529.9 MB)
20/11/10 17:49:31 INFO MemoryStore: ensureFreeSpace(12673) called with curMem=120040, maxMem=555755765
20/11/10 17:49:31 INFO MemoryStore: Block broadcast_0_piece0 stored as bytes in memory (estimated size 12.4 KB, free 529.9 MB)
20/11/10 17:49:31 INFO BlockManagerInfo: Added broadcast_0_piece0 in memory on localhost:45360 (size: 12.4 KB, free: 530.0 MB)
20/11/10 17:49:31 INFO SparkContext: Created broadcast 0 from textFile at Partition.scala:67
20/11/10 17:49:31 INFO FileInputFormat: Total input paths to process : 1
20/11/10 17:49:32 INFO SparkContext: Starting job: collect at Partition.scala:82
20/11/10 17:49:32 INFO DAGScheduler: Registering RDD 7 (map at Partition.scala:79)
20/11/10 17:49:32 INFO DAGScheduler: Registering RDD 5 (flatMap at Partition.scala:79)
20/11/10 17:49:32 INFO DAGScheduler: Registering RDD 12 (flatMap at Partition.scala:79)
20/11/10 17:49:32 INFO MapOutputTrackerMaster: Size of output statuses for shuffle 7 is 85 bytes
20/11/10 17:49:32 INFO MapOutputTrackerMaster: Size of output statuses for shuffle 0 is 85 bytes
20/11/10 17:49:32 INFO DAGScheduler: Registering RDD 14 (map at Partition.scala:79)
20/11/10 17:49:32 INFO DAGScheduler: Registering RDD 21 (map at Partition.scala:79)
20/11/10 17:49:32 INFO DAGScheduler: Registering RDD 19 (flatMap at Partition.scala:79)
20/11/10 17:49:32 INFO DAGScheduler: Registering RDD 26 (flatMap at Partition.scala:79)
20/11/10 17:49:32 INFO MapOutputTrackerMaster: Size of output statuses for shuffle 9 is 85 bytes
20/11/10 17:49:32 INFO MapOutputTrackerMaster: Size of output statuses for shuffle 8 is 85 bytes
20/11/10 17:49:32 INFO MapOutputTrackerMaster: Size of output statuses for shuffle 1 is 85 bytes
20/11/10 17:49:32 INFO MapOutputTrackerMaster: Size of output statuses for shuffle 2 is 85 bytes
20/11/10 17:49:32 INFO DAGScheduler: Registering RDD 28 (map at Partition.scala:79)
20/11/10 17:49:32 INFO DAGScheduler: Registering RDD 35 (map at Partition.scala:79)
20/11/10 17:49:32 INFO DAGScheduler: Registering RDD 33 (flatMap at Partition.scala:79)
20/11/10 17:49:32 INFO DAGScheduler: Registering RDD 40 (flatMap at Partition.scala:79)
20/11/10 17:49:32 INFO MapOutputTrackerMaster: Size of output statuses for shuffle 11 is 85 bytes
20/11/10 17:49:32 INFO MapOutputTrackerMaster: Size of output statuses for shuffle 10 is 85 bytes
20/11/10 17:49:32 INFO MapOutputTrackerMaster: Size of output statuses for shuffle 3 is 85 bytes
20/11/10 17:49:32 INFO MapOutputTrackerMaster: Size of output statuses for shuffle 4 is 85 bytes
20/11/10 17:49:32 INFO DAGScheduler: Registering RDD 42 (map at Partition.scala:79)
20/11/10 17:49:32 INFO DAGScheduler: Registering RDD 47 (map at Partition.scala:82)
20/11/10 17:49:32 INFO DAGScheduler: Got job 0 (collect at Partition.scala:82) with 2 output partitions
20/11/10 17:49:32 INFO DAGScheduler: Final stage: ResultStage 31(collect at Partition.scala:82)
20/11/10 17:49:32 INFO DAGScheduler: Parents of final stage: List(ShuffleMapStage 30)
20/11/10 17:49:32 INFO DAGScheduler: Missing parents: List(ShuffleMapStage 30)
20/11/10 17:49:32 INFO DAGScheduler: Submitting ShuffleMapStage 23 (MapPartitionsRDD[5] at flatMap at Partition.scala:79), which has no missing parents
20/11/10 17:49:32 INFO MemoryStore: ensureFreeSpace(4456) called with curMem=132713, maxMem=555755765
20/11/10 17:49:32 INFO MemoryStore: Block broadcast_1 stored as values in memory (estimated size 4.4 KB, free 529.9 MB)
20/11/10 17:49:32 INFO MemoryStore: ensureFreeSpace(2452) called with curMem=137169, maxMem=555755765
20/11/10 17:49:32 INFO MemoryStore: Block broadcast_1_piece0 stored as bytes in memory (estimated size 2.4 KB, free 529.9 MB)
20/11/10 17:49:32 INFO BlockManagerInfo: Added broadcast_1_piece0 in memory on localhost:45360 (size: 2.4 KB, free: 530.0 MB)
20/11/10 17:49:32 INFO SparkContext: Created broadcast 1 from broadcast at DAGScheduler.scala:861
20/11/10 17:49:32 INFO DAGScheduler: Submitting 2 missing tasks from ShuffleMapStage 23 (MapPartitionsRDD[5] at flatMap at Partition.scala:79)
20/11/10 17:49:32 INFO TaskSchedulerImpl: Adding task set 23.0 with 2 tasks
20/11/10 17:49:32 INFO DAGScheduler: Submitting ShuffleMapStage 24 (MapPartitionsRDD[7] at map at Partition.scala:79), which has no missing parents
20/11/10 17:49:32 INFO MemoryStore: ensureFreeSpace(4064) called with curMem=139621, maxMem=555755765
20/11/10 17:49:32 INFO MemoryStore: Block broadcast_2 stored as values in memory (estimated size 4.0 KB, free 529.9 MB)
20/11/10 17:49:32 INFO MemoryStore: ensureFreeSpace(2294) called with curMem=143685, maxMem=555755765
20/11/10 17:49:32 INFO MemoryStore: Block broadcast_2_piece0 stored as bytes in memory (estimated size 2.2 KB, free 529.9 MB)
20/11/10 17:49:32 INFO BlockManagerInfo: Added broadcast_2_piece0 in memory on localhost:45360 (size: 2.2 KB, free: 530.0 MB)
20/11/10 17:49:32 INFO SparkContext: Created broadcast 2 from broadcast at DAGScheduler.scala:861
20/11/10 17:49:32 INFO DAGScheduler: Submitting 2 missing tasks from ShuffleMapStage 24 (MapPartitionsRDD[7] at map at Partition.scala:79)
20/11/10 17:49:32 INFO TaskSchedulerImpl: Adding task set 24.0 with 2 tasks
20/11/10 17:49:32 INFO TaskSetManager: Starting task 0.0 in stage 23.0 (TID 0, localhost, PROCESS_LOCAL, 2199 bytes)
20/11/10 17:49:32 INFO TaskSetManager: Starting task 1.0 in stage 23.0 (TID 1, localhost, PROCESS_LOCAL, 2199 bytes)
20/11/10 17:49:32 INFO Executor: Running task 0.0 in stage 23.0 (TID 0)
20/11/10 17:49:32 INFO Executor: Fetching http://198.202.118.106:35773/jars/partition.jar with timestamp 1605059371089
20/11/10 17:49:32 INFO Executor: Running task 1.0 in stage 23.0 (TID 1)
20/11/10 17:49:32 INFO Utils: Fetching http://198.202.118.106:35773/jars/partition.jar to /tmp/spark-d5bc2ed1-886d-4626-96a0-050525681dfb/userFiles-27b0b8df-a142-4aca-9133-56c79506f8a6/fetchFileTemp2831849784420298672.tmp
20/11/10 17:49:32 INFO Executor: Adding file:/tmp/spark-d5bc2ed1-886d-4626-96a0-050525681dfb/userFiles-27b0b8df-a142-4aca-9133-56c79506f8a6/partition.jar to class loader
20/11/10 17:49:32 INFO HadoopRDD: Input split: file:/home/pnm6326/project55/small-graph.txt:1770+1771
20/11/10 17:49:32 INFO deprecation: mapred.tip.id is deprecated. Instead, use mapreduce.task.id
20/11/10 17:49:32 INFO deprecation: mapred.task.id is deprecated. Instead, use mapreduce.task.attempt.id
20/11/10 17:49:32 INFO deprecation: mapred.task.is.map is deprecated. Instead, use mapreduce.task.ismap
20/11/10 17:49:32 INFO deprecation: mapred.task.partition is deprecated. Instead, use mapreduce.task.partition
20/11/10 17:49:32 INFO deprecation: mapred.job.id is deprecated. Instead, use mapreduce.job.id
20/11/10 17:49:32 INFO HadoopRDD: Input split: file:/home/pnm6326/project55/small-graph.txt:0+1770
20/11/10 17:49:32 INFO Executor: Finished task 0.0 in stage 23.0 (TID 0). 2254 bytes result sent to driver
20/11/10 17:49:32 INFO Executor: Finished task 1.0 in stage 23.0 (TID 1). 2254 bytes result sent to driver
20/11/10 17:49:32 INFO TaskSetManager: Starting task 0.0 in stage 24.0 (TID 2, localhost, PROCESS_LOCAL, 2199 bytes)
20/11/10 17:49:32 INFO Executor: Running task 0.0 in stage 24.0 (TID 2)
20/11/10 17:49:32 INFO HadoopRDD: Input split: file:/home/pnm6326/project55/small-graph.txt:0+1770
20/11/10 17:49:32 INFO TaskSetManager: Starting task 1.0 in stage 24.0 (TID 3, localhost, PROCESS_LOCAL, 2199 bytes)
20/11/10 17:49:32 INFO Executor: Running task 1.0 in stage 24.0 (TID 3)
20/11/10 17:49:32 INFO HadoopRDD: Input split: file:/home/pnm6326/project55/small-graph.txt:1770+1771
20/11/10 17:49:32 INFO Executor: Finished task 0.0 in stage 24.0 (TID 2). 2254 bytes result sent to driver
20/11/10 17:49:32 INFO Executor: Finished task 1.0 in stage 24.0 (TID 3). 2254 bytes result sent to driver
20/11/10 17:49:32 INFO TaskSetManager: Finished task 0.0 in stage 23.0 (TID 0) in 247 ms on localhost (1/2)
20/11/10 17:49:32 INFO TaskSetManager: Finished task 1.0 in stage 23.0 (TID 1) in 230 ms on localhost (2/2)
20/11/10 17:49:32 INFO TaskSchedulerImpl: Removed TaskSet 23.0, whose tasks have all completed, from pool 
20/11/10 17:49:32 INFO TaskSetManager: Finished task 0.0 in stage 24.0 (TID 2) in 30 ms on localhost (1/2)
20/11/10 17:49:32 INFO TaskSetManager: Finished task 1.0 in stage 24.0 (TID 3) in 20 ms on localhost (2/2)
20/11/10 17:49:32 INFO TaskSchedulerImpl: Removed TaskSet 24.0, whose tasks have all completed, from pool 
20/11/10 17:49:32 INFO DAGScheduler: ShuffleMapStage 23 (flatMap at Partition.scala:79) finished in 0.261 s
20/11/10 17:49:32 INFO DAGScheduler: looking for newly runnable stages
20/11/10 17:49:32 INFO DAGScheduler: running: Set(ShuffleMapStage 24)
20/11/10 17:49:32 INFO DAGScheduler: waiting: Set(ShuffleMapStage 30, ShuffleMapStage 27, ShuffleMapStage 19, ResultStage 31, ShuffleMapStage 20, ShuffleMapStage 21, ShuffleMapStage 18, ShuffleMapStage 28, ShuffleMapStage 25, ShuffleMapStage 22, ShuffleMapStage 29, ShuffleMapStage 26)
20/11/10 17:49:32 INFO DAGScheduler: failed: Set()
20/11/10 17:49:32 INFO DAGScheduler: Missing parents for ShuffleMapStage 30: List(ShuffleMapStage 18, ShuffleMapStage 29)
20/11/10 17:49:32 INFO DAGScheduler: Missing parents for ShuffleMapStage 27: List(ShuffleMapStage 21, ShuffleMapStage 26)
20/11/10 17:49:32 INFO DAGScheduler: Missing parents for ShuffleMapStage 19: List(ShuffleMapStage 27, ShuffleMapStage 20)
20/11/10 17:49:32 INFO DAGScheduler: Missing parents for ResultStage 31: List(ShuffleMapStage 30)
20/11/10 17:49:32 INFO DAGScheduler: Missing parents for ShuffleMapStage 20: List(ShuffleMapStage 21, ShuffleMapStage 26)
20/11/10 17:49:32 INFO DAGScheduler: Missing parents for ShuffleMapStage 21: List(ShuffleMapStage 25, ShuffleMapStage 22)
20/11/10 17:49:32 INFO DAGScheduler: Missing parents for ShuffleMapStage 18: List(ShuffleMapStage 19, ShuffleMapStage 28)
20/11/10 17:49:32 INFO DAGScheduler: Missing parents for ShuffleMapStage 28: List(ShuffleMapStage 27, ShuffleMapStage 20)
20/11/10 17:49:32 INFO DAGScheduler: Missing parents for ShuffleMapStage 25: List(ShuffleMapStage 24)
20/11/10 17:49:32 INFO DAGScheduler: Missing parents for ShuffleMapStage 22: List(ShuffleMapStage 24)
20/11/10 17:49:32 INFO DAGScheduler: Missing parents for ShuffleMapStage 29: List(ShuffleMapStage 19, ShuffleMapStage 28)
20/11/10 17:49:32 INFO DAGScheduler: Missing parents for ShuffleMapStage 26: List(ShuffleMapStage 25, ShuffleMapStage 22)
20/11/10 17:49:32 INFO DAGScheduler: ShuffleMapStage 24 (map at Partition.scala:79) finished in 0.222 s
20/11/10 17:49:32 INFO DAGScheduler: looking for newly runnable stages
20/11/10 17:49:32 INFO DAGScheduler: running: Set()
20/11/10 17:49:32 INFO DAGScheduler: waiting: Set(ShuffleMapStage 30, ShuffleMapStage 27, ShuffleMapStage 19, ResultStage 31, ShuffleMapStage 20, ShuffleMapStage 21, ShuffleMapStage 18, ShuffleMapStage 28, ShuffleMapStage 25, ShuffleMapStage 22, ShuffleMapStage 29, ShuffleMapStage 26)
20/11/10 17:49:32 INFO DAGScheduler: failed: Set()
20/11/10 17:49:32 INFO DAGScheduler: Missing parents for ShuffleMapStage 30: List(ShuffleMapStage 18, ShuffleMapStage 29)
20/11/10 17:49:32 INFO DAGScheduler: Missing parents for ShuffleMapStage 27: List(ShuffleMapStage 21, ShuffleMapStage 26)
20/11/10 17:49:32 INFO DAGScheduler: Missing parents for ShuffleMapStage 19: List(ShuffleMapStage 27, ShuffleMapStage 20)
20/11/10 17:49:32 INFO DAGScheduler: Missing parents for ResultStage 31: List(ShuffleMapStage 30)
20/11/10 17:49:32 INFO DAGScheduler: Missing parents for ShuffleMapStage 20: List(ShuffleMapStage 21, ShuffleMapStage 26)
20/11/10 17:49:32 INFO DAGScheduler: Missing parents for ShuffleMapStage 21: List(ShuffleMapStage 25, ShuffleMapStage 22)
20/11/10 17:49:32 INFO DAGScheduler: Missing parents for ShuffleMapStage 18: List(ShuffleMapStage 19, ShuffleMapStage 28)
20/11/10 17:49:32 INFO DAGScheduler: Missing parents for ShuffleMapStage 28: List(ShuffleMapStage 27, ShuffleMapStage 20)
20/11/10 17:49:32 INFO DAGScheduler: Missing parents for ShuffleMapStage 25: List()
20/11/10 17:49:32 INFO DAGScheduler: Missing parents for ShuffleMapStage 22: List()
20/11/10 17:49:32 INFO DAGScheduler: Missing parents for ShuffleMapStage 29: List(ShuffleMapStage 19, ShuffleMapStage 28)
20/11/10 17:49:32 INFO DAGScheduler: Missing parents for ShuffleMapStage 26: List(ShuffleMapStage 25, ShuffleMapStage 22)
20/11/10 17:49:32 INFO DAGScheduler: Submitting ShuffleMapStage 22 (MapPartitionsRDD[12] at flatMap at Partition.scala:79), which is now runnable
20/11/10 17:49:32 INFO MemoryStore: ensureFreeSpace(3624) called with curMem=145979, maxMem=555755765
20/11/10 17:49:32 INFO MemoryStore: Block broadcast_3 stored as values in memory (estimated size 3.5 KB, free 529.9 MB)
20/11/10 17:49:32 INFO MemoryStore: ensureFreeSpace(1835) called with curMem=149603, maxMem=555755765
20/11/10 17:49:32 INFO MemoryStore: Block broadcast_3_piece0 stored as bytes in memory (estimated size 1835.0 B, free 529.9 MB)
20/11/10 17:49:32 INFO BlockManagerInfo: Added broadcast_3_piece0 in memory on localhost:45360 (size: 1835.0 B, free: 530.0 MB)
20/11/10 17:49:32 INFO SparkContext: Created broadcast 3 from broadcast at DAGScheduler.scala:861
20/11/10 17:49:32 INFO DAGScheduler: Submitting 2 missing tasks from ShuffleMapStage 22 (MapPartitionsRDD[12] at flatMap at Partition.scala:79)
20/11/10 17:49:32 INFO TaskSchedulerImpl: Adding task set 22.0 with 2 tasks
20/11/10 17:49:32 INFO TaskSetManager: Starting task 0.0 in stage 22.0 (TID 4, localhost, PROCESS_LOCAL, 2174 bytes)
20/11/10 17:49:32 INFO TaskSetManager: Starting task 1.0 in stage 22.0 (TID 5, localhost, PROCESS_LOCAL, 2174 bytes)
20/11/10 17:49:32 INFO Executor: Running task 1.0 in stage 22.0 (TID 5)
20/11/10 17:49:32 INFO Executor: Running task 0.0 in stage 22.0 (TID 4)
20/11/10 17:49:32 INFO DAGScheduler: Submitting ShuffleMapStage 25 (MapPartitionsRDD[14] at map at Partition.scala:79), which is now runnable
20/11/10 17:49:32 INFO ShuffleBlockFetcherIterator: Getting 2 non-empty blocks out of 2 blocks
20/11/10 17:49:32 INFO ShuffleBlockFetcherIterator: Getting 2 non-empty blocks out of 2 blocks
20/11/10 17:49:32 INFO MemoryStore: ensureFreeSpace(3512) called with curMem=151438, maxMem=555755765
20/11/10 17:49:32 INFO ShuffleBlockFetcherIterator: Started 0 remote fetches in 3 ms
20/11/10 17:49:32 INFO MemoryStore: Block broadcast_4 stored as values in memory (estimated size 3.4 KB, free 529.9 MB)
20/11/10 17:49:32 INFO MemoryStore: ensureFreeSpace(1803) called with curMem=154950, maxMem=555755765
20/11/10 17:49:32 INFO MemoryStore: Block broadcast_4_piece0 stored as bytes in memory (estimated size 1803.0 B, free 529.9 MB)
20/11/10 17:49:32 INFO ShuffleBlockFetcherIterator: Started 0 remote fetches in 6 ms
20/11/10 17:49:32 INFO BlockManagerInfo: Added broadcast_4_piece0 in memory on localhost:45360 (size: 1803.0 B, free: 530.0 MB)
20/11/10 17:49:32 INFO SparkContext: Created broadcast 4 from broadcast at DAGScheduler.scala:861
20/11/10 17:49:32 INFO DAGScheduler: Submitting 2 missing tasks from ShuffleMapStage 25 (MapPartitionsRDD[14] at map at Partition.scala:79)
20/11/10 17:49:32 INFO TaskSchedulerImpl: Adding task set 25.0 with 2 tasks
20/11/10 17:49:32 INFO ShuffleBlockFetcherIterator: Getting 2 non-empty blocks out of 2 blocks
20/11/10 17:49:32 INFO ShuffleBlockFetcherIterator: Started 0 remote fetches in 0 ms
20/11/10 17:49:32 INFO ShuffleBlockFetcherIterator: Getting 2 non-empty blocks out of 2 blocks
20/11/10 17:49:32 INFO ShuffleBlockFetcherIterator: Started 0 remote fetches in 0 ms
20/11/10 17:49:32 INFO Executor: Finished task 0.0 in stage 22.0 (TID 4). 1375 bytes result sent to driver
20/11/10 17:49:32 INFO Executor: Finished task 1.0 in stage 22.0 (TID 5). 1375 bytes result sent to driver
20/11/10 17:49:32 INFO TaskSetManager: Starting task 0.0 in stage 25.0 (TID 6, localhost, PROCESS_LOCAL, 2174 bytes)
20/11/10 17:49:32 INFO TaskSetManager: Starting task 1.0 in stage 25.0 (TID 7, localhost, PROCESS_LOCAL, 2174 bytes)
20/11/10 17:49:32 INFO Executor: Running task 1.0 in stage 25.0 (TID 7)
20/11/10 17:49:32 INFO TaskSetManager: Finished task 0.0 in stage 22.0 (TID 4) in 80 ms on localhost (1/2)
20/11/10 17:49:32 INFO TaskSetManager: Finished task 1.0 in stage 22.0 (TID 5) in 78 ms on localhost (2/2)
20/11/10 17:49:32 INFO TaskSchedulerImpl: Removed TaskSet 22.0, whose tasks have all completed, from pool 
20/11/10 17:49:32 INFO ShuffleBlockFetcherIterator: Getting 2 non-empty blocks out of 2 blocks
20/11/10 17:49:32 INFO ShuffleBlockFetcherIterator: Started 0 remote fetches in 0 ms
20/11/10 17:49:32 INFO DAGScheduler: ShuffleMapStage 22 (flatMap at Partition.scala:79) finished in 0.077 s
20/11/10 17:49:32 INFO DAGScheduler: looking for newly runnable stages
20/11/10 17:49:32 INFO DAGScheduler: running: Set(ShuffleMapStage 25)
20/11/10 17:49:32 INFO DAGScheduler: waiting: Set(ShuffleMapStage 30, ShuffleMapStage 27, ShuffleMapStage 19, ResultStage 31, ShuffleMapStage 20, ShuffleMapStage 21, ShuffleMapStage 18, ShuffleMapStage 28, ShuffleMapStage 29, ShuffleMapStage 26)
20/11/10 17:49:32 INFO DAGScheduler: failed: Set()
20/11/10 17:49:32 INFO DAGScheduler: Missing parents for ShuffleMapStage 30: List(ShuffleMapStage 18, ShuffleMapStage 29)
20/11/10 17:49:32 INFO DAGScheduler: Missing parents for ShuffleMapStage 27: List(ShuffleMapStage 21, ShuffleMapStage 26)
20/11/10 17:49:32 INFO DAGScheduler: Missing parents for ShuffleMapStage 19: List(ShuffleMapStage 27, ShuffleMapStage 20)
20/11/10 17:49:32 INFO DAGScheduler: Missing parents for ResultStage 31: List(ShuffleMapStage 30)
20/11/10 17:49:32 INFO DAGScheduler: Missing parents for ShuffleMapStage 20: List(ShuffleMapStage 21, ShuffleMapStage 26)
20/11/10 17:49:32 INFO DAGScheduler: Missing parents for ShuffleMapStage 21: List(ShuffleMapStage 25)
20/11/10 17:49:32 INFO DAGScheduler: Missing parents for ShuffleMapStage 18: List(ShuffleMapStage 19, ShuffleMapStage 28)
20/11/10 17:49:32 INFO DAGScheduler: Missing parents for ShuffleMapStage 28: List(ShuffleMapStage 27, ShuffleMapStage 20)
20/11/10 17:49:32 INFO DAGScheduler: Missing parents for ShuffleMapStage 29: List(ShuffleMapStage 19, ShuffleMapStage 28)
20/11/10 17:49:32 INFO DAGScheduler: Missing parents for ShuffleMapStage 26: List(ShuffleMapStage 25)
20/11/10 17:49:32 INFO ShuffleBlockFetcherIterator: Getting 2 non-empty blocks out of 2 blocks
20/11/10 17:49:32 INFO ShuffleBlockFetcherIterator: Started 0 remote fetches in 0 ms
20/11/10 17:49:32 INFO Executor: Running task 0.0 in stage 25.0 (TID 6)
20/11/10 17:49:32 INFO ShuffleBlockFetcherIterator: Getting 2 non-empty blocks out of 2 blocks
20/11/10 17:49:32 INFO ShuffleBlockFetcherIterator: Started 0 remote fetches in 0 ms
20/11/10 17:49:32 INFO ShuffleBlockFetcherIterator: Getting 2 non-empty blocks out of 2 blocks
20/11/10 17:49:32 INFO ShuffleBlockFetcherIterator: Started 0 remote fetches in 0 ms
20/11/10 17:49:32 INFO Executor: Finished task 1.0 in stage 25.0 (TID 7). 1375 bytes result sent to driver
20/11/10 17:49:32 INFO TaskSetManager: Finished task 1.0 in stage 25.0 (TID 7) in 28 ms on localhost (1/2)
20/11/10 17:49:32 INFO Executor: Finished task 0.0 in stage 25.0 (TID 6). 1375 bytes result sent to driver
20/11/10 17:49:32 INFO TaskSetManager: Finished task 0.0 in stage 25.0 (TID 6) in 35 ms on localhost (2/2)
20/11/10 17:49:32 INFO DAGScheduler: ShuffleMapStage 25 (map at Partition.scala:79) finished in 0.088 s
20/11/10 17:49:32 INFO TaskSchedulerImpl: Removed TaskSet 25.0, whose tasks have all completed, from pool 
20/11/10 17:49:32 INFO DAGScheduler: looking for newly runnable stages
20/11/10 17:49:32 INFO DAGScheduler: running: Set()
20/11/10 17:49:32 INFO DAGScheduler: waiting: Set(ShuffleMapStage 30, ShuffleMapStage 27, ShuffleMapStage 19, ResultStage 31, ShuffleMapStage 20, ShuffleMapStage 21, ShuffleMapStage 18, ShuffleMapStage 28, ShuffleMapStage 29, ShuffleMapStage 26)
20/11/10 17:49:32 INFO DAGScheduler: failed: Set()
20/11/10 17:49:32 INFO DAGScheduler: Missing parents for ShuffleMapStage 30: List(ShuffleMapStage 18, ShuffleMapStage 29)
20/11/10 17:49:32 INFO DAGScheduler: Missing parents for ShuffleMapStage 27: List(ShuffleMapStage 21, ShuffleMapStage 26)
20/11/10 17:49:32 INFO DAGScheduler: Missing parents for ShuffleMapStage 19: List(ShuffleMapStage 27, ShuffleMapStage 20)
20/11/10 17:49:32 INFO DAGScheduler: Missing parents for ResultStage 31: List(ShuffleMapStage 30)
20/11/10 17:49:32 INFO DAGScheduler: Missing parents for ShuffleMapStage 20: List(ShuffleMapStage 21, ShuffleMapStage 26)
20/11/10 17:49:32 INFO DAGScheduler: Missing parents for ShuffleMapStage 21: List()
20/11/10 17:49:32 INFO DAGScheduler: Missing parents for ShuffleMapStage 18: List(ShuffleMapStage 19, ShuffleMapStage 28)
20/11/10 17:49:32 INFO DAGScheduler: Missing parents for ShuffleMapStage 28: List(ShuffleMapStage 27, ShuffleMapStage 20)
20/11/10 17:49:32 INFO DAGScheduler: Missing parents for ShuffleMapStage 29: List(ShuffleMapStage 19, ShuffleMapStage 28)
20/11/10 17:49:32 INFO DAGScheduler: Missing parents for ShuffleMapStage 26: List()
20/11/10 17:49:32 INFO DAGScheduler: Submitting ShuffleMapStage 21 (MapPartitionsRDD[19] at flatMap at Partition.scala:79), which is now runnable
20/11/10 17:49:32 INFO MemoryStore: ensureFreeSpace(3624) called with curMem=156753, maxMem=555755765
20/11/10 17:49:32 INFO MemoryStore: Block broadcast_5 stored as values in memory (estimated size 3.5 KB, free 529.9 MB)
20/11/10 17:49:32 INFO MemoryStore: ensureFreeSpace(1852) called with curMem=160377, maxMem=555755765
20/11/10 17:49:32 INFO MemoryStore: Block broadcast_5_piece0 stored as bytes in memory (estimated size 1852.0 B, free 529.9 MB)
20/11/10 17:49:32 INFO BlockManagerInfo: Added broadcast_5_piece0 in memory on localhost:45360 (size: 1852.0 B, free: 530.0 MB)
20/11/10 17:49:32 INFO SparkContext: Created broadcast 5 from broadcast at DAGScheduler.scala:861
20/11/10 17:49:32 INFO DAGScheduler: Submitting 2 missing tasks from ShuffleMapStage 21 (MapPartitionsRDD[19] at flatMap at Partition.scala:79)
20/11/10 17:49:32 INFO TaskSchedulerImpl: Adding task set 21.0 with 2 tasks
20/11/10 17:49:32 INFO TaskSetManager: Starting task 0.0 in stage 21.0 (TID 8, localhost, PROCESS_LOCAL, 2174 bytes)
20/11/10 17:49:32 INFO TaskSetManager: Starting task 1.0 in stage 21.0 (TID 9, localhost, PROCESS_LOCAL, 2174 bytes)
20/11/10 17:49:32 INFO Executor: Running task 1.0 in stage 21.0 (TID 9)
20/11/10 17:49:32 INFO ShuffleBlockFetcherIterator: Getting 2 non-empty blocks out of 2 blocks
20/11/10 17:49:32 INFO ShuffleBlockFetcherIterator: Started 0 remote fetches in 0 ms
20/11/10 17:49:32 INFO DAGScheduler: Submitting ShuffleMapStage 26 (MapPartitionsRDD[21] at map at Partition.scala:79), which is now runnable
20/11/10 17:49:32 INFO MemoryStore: ensureFreeSpace(3512) called with curMem=162229, maxMem=555755765
20/11/10 17:49:32 INFO MemoryStore: Block broadcast_6 stored as values in memory (estimated size 3.4 KB, free 529.9 MB)
20/11/10 17:49:32 INFO MemoryStore: ensureFreeSpace(1817) called with curMem=165741, maxMem=555755765
20/11/10 17:49:32 INFO MemoryStore: Block broadcast_6_piece0 stored as bytes in memory (estimated size 1817.0 B, free 529.9 MB)
20/11/10 17:49:32 INFO ShuffleBlockFetcherIterator: Getting 2 non-empty blocks out of 2 blocks
20/11/10 17:49:32 INFO ShuffleBlockFetcherIterator: Started 0 remote fetches in 1 ms
20/11/10 17:49:32 INFO BlockManagerInfo: Added broadcast_6_piece0 in memory on localhost:45360 (size: 1817.0 B, free: 530.0 MB)
20/11/10 17:49:32 INFO SparkContext: Created broadcast 6 from broadcast at DAGScheduler.scala:861
20/11/10 17:49:32 INFO DAGScheduler: Submitting 2 missing tasks from ShuffleMapStage 26 (MapPartitionsRDD[21] at map at Partition.scala:79)
20/11/10 17:49:32 INFO TaskSchedulerImpl: Adding task set 26.0 with 2 tasks
20/11/10 17:49:32 INFO Executor: Running task 0.0 in stage 21.0 (TID 8)
20/11/10 17:49:32 INFO ShuffleBlockFetcherIterator: Getting 2 non-empty blocks out of 2 blocks
20/11/10 17:49:32 INFO ShuffleBlockFetcherIterator: Started 0 remote fetches in 0 ms
20/11/10 17:49:32 INFO ShuffleBlockFetcherIterator: Getting 2 non-empty blocks out of 2 blocks
20/11/10 17:49:32 INFO ShuffleBlockFetcherIterator: Started 0 remote fetches in 0 ms
20/11/10 17:49:32 INFO Executor: Finished task 1.0 in stage 21.0 (TID 9). 1375 bytes result sent to driver
20/11/10 17:49:32 INFO TaskSetManager: Starting task 0.0 in stage 26.0 (TID 10, localhost, PROCESS_LOCAL, 2174 bytes)
20/11/10 17:49:32 INFO TaskSetManager: Finished task 1.0 in stage 21.0 (TID 9) in 38 ms on localhost (1/2)
20/11/10 17:49:32 INFO Executor: Finished task 0.0 in stage 21.0 (TID 8). 1375 bytes result sent to driver
20/11/10 17:49:32 INFO Executor: Running task 0.0 in stage 26.0 (TID 10)
20/11/10 17:49:32 INFO ShuffleBlockFetcherIterator: Getting 2 non-empty blocks out of 2 blocks
20/11/10 17:49:32 INFO ShuffleBlockFetcherIterator: Started 0 remote fetches in 0 ms
20/11/10 17:49:32 INFO ShuffleBlockFetcherIterator: Getting 2 non-empty blocks out of 2 blocks
20/11/10 17:49:32 INFO ShuffleBlockFetcherIterator: Started 0 remote fetches in 0 ms
20/11/10 17:49:32 INFO Executor: Finished task 0.0 in stage 26.0 (TID 10). 1375 bytes result sent to driver
20/11/10 17:49:32 INFO TaskSetManager: Starting task 1.0 in stage 26.0 (TID 11, localhost, PROCESS_LOCAL, 2174 bytes)
20/11/10 17:49:32 INFO TaskSetManager: Finished task 0.0 in stage 21.0 (TID 8) in 59 ms on localhost (2/2)
20/11/10 17:49:32 INFO TaskSchedulerImpl: Removed TaskSet 21.0, whose tasks have all completed, from pool 
20/11/10 17:49:32 INFO DAGScheduler: ShuffleMapStage 21 (flatMap at Partition.scala:79) finished in 0.056 s
20/11/10 17:49:32 INFO TaskSetManager: Finished task 0.0 in stage 26.0 (TID 10) in 22 ms on localhost (1/2)
20/11/10 17:49:32 INFO DAGScheduler: looking for newly runnable stages
20/11/10 17:49:32 INFO DAGScheduler: running: Set(ShuffleMapStage 26)
20/11/10 17:49:32 INFO DAGScheduler: waiting: Set(ShuffleMapStage 30, ShuffleMapStage 27, ShuffleMapStage 19, ResultStage 31, ShuffleMapStage 20, ShuffleMapStage 18, ShuffleMapStage 28, ShuffleMapStage 29)
20/11/10 17:49:32 INFO DAGScheduler: failed: Set()
20/11/10 17:49:32 INFO DAGScheduler: Missing parents for ShuffleMapStage 30: List(ShuffleMapStage 18, ShuffleMapStage 29)
20/11/10 17:49:32 INFO DAGScheduler: Missing parents for ShuffleMapStage 27: List(ShuffleMapStage 26)
20/11/10 17:49:32 INFO DAGScheduler: Missing parents for ShuffleMapStage 19: List(ShuffleMapStage 27, ShuffleMapStage 20)
20/11/10 17:49:32 INFO DAGScheduler: Missing parents for ResultStage 31: List(ShuffleMapStage 30)
20/11/10 17:49:32 INFO DAGScheduler: Missing parents for ShuffleMapStage 20: List(ShuffleMapStage 26)
20/11/10 17:49:32 INFO DAGScheduler: Missing parents for ShuffleMapStage 18: List(ShuffleMapStage 19, ShuffleMapStage 28)
20/11/10 17:49:32 INFO DAGScheduler: Missing parents for ShuffleMapStage 28: List(ShuffleMapStage 27, ShuffleMapStage 20)
20/11/10 17:49:32 INFO DAGScheduler: Missing parents for ShuffleMapStage 29: List(ShuffleMapStage 19, ShuffleMapStage 28)
20/11/10 17:49:32 INFO Executor: Running task 1.0 in stage 26.0 (TID 11)
20/11/10 17:49:32 INFO ShuffleBlockFetcherIterator: Getting 2 non-empty blocks out of 2 blocks
20/11/10 17:49:32 INFO ShuffleBlockFetcherIterator: Started 0 remote fetches in 0 ms
20/11/10 17:49:32 INFO ShuffleBlockFetcherIterator: Getting 2 non-empty blocks out of 2 blocks
20/11/10 17:49:32 INFO ShuffleBlockFetcherIterator: Started 0 remote fetches in 0 ms
20/11/10 17:49:32 INFO Executor: Finished task 1.0 in stage 26.0 (TID 11). 1375 bytes result sent to driver
20/11/10 17:49:32 INFO TaskSetManager: Finished task 1.0 in stage 26.0 (TID 11) in 16 ms on localhost (2/2)
20/11/10 17:49:32 INFO TaskSchedulerImpl: Removed TaskSet 26.0, whose tasks have all completed, from pool 
20/11/10 17:49:32 INFO DAGScheduler: ShuffleMapStage 26 (map at Partition.scala:79) finished in 0.061 s
20/11/10 17:49:32 INFO DAGScheduler: looking for newly runnable stages
20/11/10 17:49:32 INFO DAGScheduler: running: Set()
20/11/10 17:49:32 INFO DAGScheduler: waiting: Set(ShuffleMapStage 30, ShuffleMapStage 27, ShuffleMapStage 19, ResultStage 31, ShuffleMapStage 20, ShuffleMapStage 18, ShuffleMapStage 28, ShuffleMapStage 29)
20/11/10 17:49:32 INFO DAGScheduler: failed: Set()
20/11/10 17:49:32 INFO DAGScheduler: Missing parents for ShuffleMapStage 30: List(ShuffleMapStage 18, ShuffleMapStage 29)
20/11/10 17:49:32 INFO DAGScheduler: Missing parents for ShuffleMapStage 27: List()
20/11/10 17:49:32 INFO DAGScheduler: Missing parents for ShuffleMapStage 19: List(ShuffleMapStage 27, ShuffleMapStage 20)
20/11/10 17:49:32 INFO DAGScheduler: Missing parents for ResultStage 31: List(ShuffleMapStage 30)
20/11/10 17:49:32 INFO DAGScheduler: Missing parents for ShuffleMapStage 20: List()
20/11/10 17:49:32 INFO DAGScheduler: Missing parents for ShuffleMapStage 18: List(ShuffleMapStage 19, ShuffleMapStage 28)
20/11/10 17:49:32 INFO DAGScheduler: Missing parents for ShuffleMapStage 28: List(ShuffleMapStage 27, ShuffleMapStage 20)
20/11/10 17:49:32 INFO DAGScheduler: Missing parents for ShuffleMapStage 29: List(ShuffleMapStage 19, ShuffleMapStage 28)
20/11/10 17:49:32 INFO DAGScheduler: Submitting ShuffleMapStage 20 (MapPartitionsRDD[26] at flatMap at Partition.scala:79), which is now runnable
20/11/10 17:49:32 INFO MemoryStore: ensureFreeSpace(3624) called with curMem=167558, maxMem=555755765
20/11/10 17:49:32 INFO MemoryStore: Block broadcast_7 stored as values in memory (estimated size 3.5 KB, free 529.8 MB)
20/11/10 17:49:32 INFO MemoryStore: ensureFreeSpace(1850) called with curMem=171182, maxMem=555755765
20/11/10 17:49:32 INFO MemoryStore: Block broadcast_7_piece0 stored as bytes in memory (estimated size 1850.0 B, free 529.8 MB)
20/11/10 17:49:32 INFO BlockManagerInfo: Added broadcast_7_piece0 in memory on localhost:45360 (size: 1850.0 B, free: 530.0 MB)
20/11/10 17:49:32 INFO SparkContext: Created broadcast 7 from broadcast at DAGScheduler.scala:861
20/11/10 17:49:32 INFO DAGScheduler: Submitting 2 missing tasks from ShuffleMapStage 20 (MapPartitionsRDD[26] at flatMap at Partition.scala:79)
20/11/10 17:49:32 INFO TaskSchedulerImpl: Adding task set 20.0 with 2 tasks
20/11/10 17:49:32 INFO DAGScheduler: Submitting ShuffleMapStage 27 (MapPartitionsRDD[28] at map at Partition.scala:79), which is now runnable
20/11/10 17:49:32 INFO MemoryStore: ensureFreeSpace(3512) called with curMem=173032, maxMem=555755765
20/11/10 17:49:32 INFO MemoryStore: Block broadcast_8 stored as values in memory (estimated size 3.4 KB, free 529.8 MB)
20/11/10 17:49:32 INFO MemoryStore: ensureFreeSpace(1817) called with curMem=176544, maxMem=555755765
20/11/10 17:49:32 INFO MemoryStore: Block broadcast_8_piece0 stored as bytes in memory (estimated size 1817.0 B, free 529.8 MB)
20/11/10 17:49:32 INFO TaskSetManager: Starting task 0.0 in stage 20.0 (TID 12, localhost, PROCESS_LOCAL, 2174 bytes)
20/11/10 17:49:32 INFO TaskSetManager: Starting task 1.0 in stage 20.0 (TID 13, localhost, PROCESS_LOCAL, 2174 bytes)
20/11/10 17:49:32 INFO BlockManagerInfo: Added broadcast_8_piece0 in memory on localhost:45360 (size: 1817.0 B, free: 530.0 MB)
20/11/10 17:49:32 INFO Executor: Running task 1.0 in stage 20.0 (TID 13)
20/11/10 17:49:32 INFO SparkContext: Created broadcast 8 from broadcast at DAGScheduler.scala:861
20/11/10 17:49:32 INFO DAGScheduler: Submitting 2 missing tasks from ShuffleMapStage 27 (MapPartitionsRDD[28] at map at Partition.scala:79)
20/11/10 17:49:32 INFO TaskSchedulerImpl: Adding task set 27.0 with 2 tasks
20/11/10 17:49:32 INFO ShuffleBlockFetcherIterator: Getting 2 non-empty blocks out of 2 blocks
20/11/10 17:49:32 INFO ShuffleBlockFetcherIterator: Started 0 remote fetches in 1 ms
20/11/10 17:49:32 INFO ShuffleBlockFetcherIterator: Getting 2 non-empty blocks out of 2 blocks
20/11/10 17:49:32 INFO ShuffleBlockFetcherIterator: Started 0 remote fetches in 0 ms
20/11/10 17:49:32 INFO Executor: Running task 0.0 in stage 20.0 (TID 12)
20/11/10 17:49:32 INFO Executor: Finished task 1.0 in stage 20.0 (TID 13). 1375 bytes result sent to driver
20/11/10 17:49:32 INFO TaskSetManager: Starting task 0.0 in stage 27.0 (TID 14, localhost, PROCESS_LOCAL, 2174 bytes)
20/11/10 17:49:32 INFO TaskSetManager: Finished task 1.0 in stage 20.0 (TID 13) in 16 ms on localhost (1/2)
20/11/10 17:49:32 INFO Executor: Running task 0.0 in stage 27.0 (TID 14)
20/11/10 17:49:32 INFO ShuffleBlockFetcherIterator: Getting 2 non-empty blocks out of 2 blocks
20/11/10 17:49:32 INFO ShuffleBlockFetcherIterator: Started 0 remote fetches in 0 ms
20/11/10 17:49:32 INFO ShuffleBlockFetcherIterator: Getting 2 non-empty blocks out of 2 blocks
20/11/10 17:49:32 INFO ShuffleBlockFetcherIterator: Started 0 remote fetches in 0 ms
20/11/10 17:49:32 INFO ShuffleBlockFetcherIterator: Getting 2 non-empty blocks out of 2 blocks
20/11/10 17:49:32 INFO ShuffleBlockFetcherIterator: Started 0 remote fetches in 0 ms
20/11/10 17:49:32 INFO ShuffleBlockFetcherIterator: Getting 2 non-empty blocks out of 2 blocks
20/11/10 17:49:32 INFO ShuffleBlockFetcherIterator: Started 0 remote fetches in 1 ms
20/11/10 17:49:32 INFO Executor: Finished task 0.0 in stage 20.0 (TID 12). 1375 bytes result sent to driver
20/11/10 17:49:32 INFO Executor: Finished task 0.0 in stage 27.0 (TID 14). 1375 bytes result sent to driver
20/11/10 17:49:32 INFO TaskSetManager: Starting task 1.0 in stage 27.0 (TID 15, localhost, PROCESS_LOCAL, 2174 bytes)
20/11/10 17:49:32 INFO Executor: Running task 1.0 in stage 27.0 (TID 15)
20/11/10 17:49:32 INFO TaskSetManager: Finished task 0.0 in stage 20.0 (TID 12) in 44 ms on localhost (2/2)
20/11/10 17:49:32 INFO DAGScheduler: ShuffleMapStage 20 (flatMap at Partition.scala:79) finished in 0.049 s
20/11/10 17:49:32 INFO DAGScheduler: looking for newly runnable stages
20/11/10 17:49:32 INFO DAGScheduler: running: Set(ShuffleMapStage 27)
20/11/10 17:49:32 INFO DAGScheduler: waiting: Set(ShuffleMapStage 30, ShuffleMapStage 19, ResultStage 31, ShuffleMapStage 18, ShuffleMapStage 28, ShuffleMapStage 29)
20/11/10 17:49:32 INFO DAGScheduler: failed: Set()
20/11/10 17:49:32 INFO TaskSchedulerImpl: Removed TaskSet 20.0, whose tasks have all completed, from pool 
20/11/10 17:49:32 INFO DAGScheduler: Missing parents for ShuffleMapStage 30: List(ShuffleMapStage 18, ShuffleMapStage 29)
20/11/10 17:49:32 INFO TaskSetManager: Finished task 0.0 in stage 27.0 (TID 14) in 28 ms on localhost (1/2)
20/11/10 17:49:32 INFO DAGScheduler: Missing parents for ShuffleMapStage 19: List(ShuffleMapStage 27)
20/11/10 17:49:32 INFO DAGScheduler: Missing parents for ResultStage 31: List(ShuffleMapStage 30)
20/11/10 17:49:32 INFO DAGScheduler: Missing parents for ShuffleMapStage 18: List(ShuffleMapStage 19, ShuffleMapStage 28)
20/11/10 17:49:32 INFO DAGScheduler: Missing parents for ShuffleMapStage 28: List(ShuffleMapStage 27)
20/11/10 17:49:32 INFO DAGScheduler: Missing parents for ShuffleMapStage 29: List(ShuffleMapStage 19, ShuffleMapStage 28)
20/11/10 17:49:32 INFO ShuffleBlockFetcherIterator: Getting 2 non-empty blocks out of 2 blocks
20/11/10 17:49:32 INFO ShuffleBlockFetcherIterator: Started 0 remote fetches in 0 ms
20/11/10 17:49:32 INFO ShuffleBlockFetcherIterator: Getting 2 non-empty blocks out of 2 blocks
20/11/10 17:49:32 INFO ShuffleBlockFetcherIterator: Started 0 remote fetches in 0 ms
20/11/10 17:49:32 INFO Executor: Finished task 1.0 in stage 27.0 (TID 15). 1375 bytes result sent to driver
20/11/10 17:49:32 INFO TaskSetManager: Finished task 1.0 in stage 27.0 (TID 15) in 24 ms on localhost (2/2)
20/11/10 17:49:32 INFO TaskSchedulerImpl: Removed TaskSet 27.0, whose tasks have all completed, from pool 
20/11/10 17:49:32 INFO DAGScheduler: ShuffleMapStage 27 (map at Partition.scala:79) finished in 0.063 s
20/11/10 17:49:32 INFO DAGScheduler: looking for newly runnable stages
20/11/10 17:49:32 INFO DAGScheduler: running: Set()
20/11/10 17:49:32 INFO DAGScheduler: waiting: Set(ShuffleMapStage 30, ShuffleMapStage 19, ResultStage 31, ShuffleMapStage 18, ShuffleMapStage 28, ShuffleMapStage 29)
20/11/10 17:49:32 INFO DAGScheduler: failed: Set()
20/11/10 17:49:32 INFO DAGScheduler: Missing parents for ShuffleMapStage 30: List(ShuffleMapStage 18, ShuffleMapStage 29)
20/11/10 17:49:32 INFO DAGScheduler: Missing parents for ShuffleMapStage 19: List()
20/11/10 17:49:32 INFO DAGScheduler: Missing parents for ResultStage 31: List(ShuffleMapStage 30)
20/11/10 17:49:32 INFO DAGScheduler: Missing parents for ShuffleMapStage 18: List(ShuffleMapStage 19, ShuffleMapStage 28)
20/11/10 17:49:32 INFO DAGScheduler: Missing parents for ShuffleMapStage 28: List()
20/11/10 17:49:32 INFO DAGScheduler: Missing parents for ShuffleMapStage 29: List(ShuffleMapStage 19, ShuffleMapStage 28)
20/11/10 17:49:32 INFO DAGScheduler: Submitting ShuffleMapStage 19 (MapPartitionsRDD[33] at flatMap at Partition.scala:79), which is now runnable
20/11/10 17:49:32 INFO MemoryStore: ensureFreeSpace(3624) called with curMem=178361, maxMem=555755765
20/11/10 17:49:32 INFO MemoryStore: Block broadcast_9 stored as values in memory (estimated size 3.5 KB, free 529.8 MB)
20/11/10 17:49:32 INFO MemoryStore: ensureFreeSpace(1851) called with curMem=181985, maxMem=555755765
20/11/10 17:49:32 INFO MemoryStore: Block broadcast_9_piece0 stored as bytes in memory (estimated size 1851.0 B, free 529.8 MB)
20/11/10 17:49:32 INFO BlockManagerInfo: Added broadcast_9_piece0 in memory on localhost:45360 (size: 1851.0 B, free: 530.0 MB)
20/11/10 17:49:32 INFO SparkContext: Created broadcast 9 from broadcast at DAGScheduler.scala:861
20/11/10 17:49:32 INFO DAGScheduler: Submitting 2 missing tasks from ShuffleMapStage 19 (MapPartitionsRDD[33] at flatMap at Partition.scala:79)
20/11/10 17:49:32 INFO TaskSchedulerImpl: Adding task set 19.0 with 2 tasks
20/11/10 17:49:32 INFO TaskSetManager: Starting task 0.0 in stage 19.0 (TID 16, localhost, PROCESS_LOCAL, 2174 bytes)
20/11/10 17:49:32 INFO TaskSetManager: Starting task 1.0 in stage 19.0 (TID 17, localhost, PROCESS_LOCAL, 2174 bytes)
20/11/10 17:49:32 INFO Executor: Running task 1.0 in stage 19.0 (TID 17)
20/11/10 17:49:32 INFO ShuffleBlockFetcherIterator: Getting 2 non-empty blocks out of 2 blocks
20/11/10 17:49:32 INFO ShuffleBlockFetcherIterator: Started 0 remote fetches in 0 ms
20/11/10 17:49:32 INFO Executor: Running task 0.0 in stage 19.0 (TID 16)
20/11/10 17:49:32 INFO ShuffleBlockFetcherIterator: Getting 2 non-empty blocks out of 2 blocks
20/11/10 17:49:32 INFO ShuffleBlockFetcherIterator: Started 0 remote fetches in 1 ms
20/11/10 17:49:32 INFO ShuffleBlockFetcherIterator: Getting 2 non-empty blocks out of 2 blocks
20/11/10 17:49:32 INFO ShuffleBlockFetcherIterator: Started 0 remote fetches in 0 ms
20/11/10 17:49:32 INFO ShuffleBlockFetcherIterator: Getting 2 non-empty blocks out of 2 blocks
20/11/10 17:49:32 INFO ShuffleBlockFetcherIterator: Started 0 remote fetches in 1 ms
20/11/10 17:49:32 INFO DAGScheduler: Submitting ShuffleMapStage 28 (MapPartitionsRDD[35] at map at Partition.scala:79), which is now runnable
20/11/10 17:49:32 INFO MemoryStore: ensureFreeSpace(3512) called with curMem=183836, maxMem=555755765
20/11/10 17:49:32 INFO MemoryStore: Block broadcast_10 stored as values in memory (estimated size 3.4 KB, free 529.8 MB)
20/11/10 17:49:32 INFO MemoryStore: ensureFreeSpace(1818) called with curMem=187348, maxMem=555755765
20/11/10 17:49:32 INFO MemoryStore: Block broadcast_10_piece0 stored as bytes in memory (estimated size 1818.0 B, free 529.8 MB)
20/11/10 17:49:32 INFO BlockManagerInfo: Added broadcast_10_piece0 in memory on localhost:45360 (size: 1818.0 B, free: 530.0 MB)
20/11/10 17:49:32 INFO SparkContext: Created broadcast 10 from broadcast at DAGScheduler.scala:861
20/11/10 17:49:32 INFO DAGScheduler: Submitting 2 missing tasks from ShuffleMapStage 28 (MapPartitionsRDD[35] at map at Partition.scala:79)
20/11/10 17:49:32 INFO TaskSchedulerImpl: Adding task set 28.0 with 2 tasks
20/11/10 17:49:32 INFO Executor: Finished task 1.0 in stage 19.0 (TID 17). 1375 bytes result sent to driver
20/11/10 17:49:32 INFO TaskSetManager: Starting task 0.0 in stage 28.0 (TID 18, localhost, PROCESS_LOCAL, 2174 bytes)
20/11/10 17:49:32 INFO TaskSetManager: Finished task 1.0 in stage 19.0 (TID 17) in 22 ms on localhost (1/2)
20/11/10 17:49:32 INFO Executor: Running task 0.0 in stage 28.0 (TID 18)
20/11/10 17:49:32 INFO ShuffleBlockFetcherIterator: Getting 2 non-empty blocks out of 2 blocks
20/11/10 17:49:32 INFO ShuffleBlockFetcherIterator: Started 0 remote fetches in 0 ms
20/11/10 17:49:32 INFO ShuffleBlockFetcherIterator: Getting 2 non-empty blocks out of 2 blocks
20/11/10 17:49:32 INFO ShuffleBlockFetcherIterator: Started 0 remote fetches in 0 ms
20/11/10 17:49:32 INFO Executor: Finished task 0.0 in stage 19.0 (TID 16). 1375 bytes result sent to driver
20/11/10 17:49:32 INFO TaskSetManager: Starting task 1.0 in stage 28.0 (TID 19, localhost, PROCESS_LOCAL, 2174 bytes)
20/11/10 17:49:32 INFO TaskSetManager: Finished task 0.0 in stage 19.0 (TID 16) in 42 ms on localhost (2/2)
20/11/10 17:49:32 INFO TaskSchedulerImpl: Removed TaskSet 19.0, whose tasks have all completed, from pool 
20/11/10 17:49:32 INFO DAGScheduler: ShuffleMapStage 19 (flatMap at Partition.scala:79) finished in 0.036 s
20/11/10 17:49:32 INFO DAGScheduler: looking for newly runnable stages
20/11/10 17:49:32 INFO DAGScheduler: running: Set(ShuffleMapStage 28)
20/11/10 17:49:32 INFO DAGScheduler: waiting: Set(ShuffleMapStage 30, ResultStage 31, ShuffleMapStage 18, ShuffleMapStage 29)
20/11/10 17:49:32 INFO DAGScheduler: failed: Set()
20/11/10 17:49:32 INFO DAGScheduler: Missing parents for ShuffleMapStage 30: List(ShuffleMapStage 18, ShuffleMapStage 29)
20/11/10 17:49:32 INFO DAGScheduler: Missing parents for ResultStage 31: List(ShuffleMapStage 30)
20/11/10 17:49:32 INFO DAGScheduler: Missing parents for ShuffleMapStage 18: List(ShuffleMapStage 28)
20/11/10 17:49:32 INFO DAGScheduler: Missing parents for ShuffleMapStage 29: List(ShuffleMapStage 28)
20/11/10 17:49:32 INFO Executor: Finished task 0.0 in stage 28.0 (TID 18). 1375 bytes result sent to driver
20/11/10 17:49:32 INFO TaskSetManager: Finished task 0.0 in stage 28.0 (TID 18) in 26 ms on localhost (1/2)
20/11/10 17:49:32 INFO Executor: Running task 1.0 in stage 28.0 (TID 19)
20/11/10 17:49:32 INFO ShuffleBlockFetcherIterator: Getting 2 non-empty blocks out of 2 blocks
20/11/10 17:49:32 INFO ShuffleBlockFetcherIterator: Started 0 remote fetches in 0 ms
20/11/10 17:49:32 INFO ShuffleBlockFetcherIterator: Getting 2 non-empty blocks out of 2 blocks
20/11/10 17:49:32 INFO ShuffleBlockFetcherIterator: Started 0 remote fetches in 0 ms
20/11/10 17:49:32 INFO Executor: Finished task 1.0 in stage 28.0 (TID 19). 1375 bytes result sent to driver
20/11/10 17:49:32 INFO TaskSetManager: Finished task 1.0 in stage 28.0 (TID 19) in 17 ms on localhost (2/2)
20/11/10 17:49:32 INFO TaskSchedulerImpl: Removed TaskSet 28.0, whose tasks have all completed, from pool 
20/11/10 17:49:32 INFO DAGScheduler: ShuffleMapStage 28 (map at Partition.scala:79) finished in 0.036 s
20/11/10 17:49:32 INFO DAGScheduler: looking for newly runnable stages
20/11/10 17:49:32 INFO DAGScheduler: running: Set()
20/11/10 17:49:32 INFO DAGScheduler: waiting: Set(ShuffleMapStage 30, ResultStage 31, ShuffleMapStage 18, ShuffleMapStage 29)
20/11/10 17:49:32 INFO DAGScheduler: failed: Set()
20/11/10 17:49:32 INFO DAGScheduler: Missing parents for ShuffleMapStage 30: List(ShuffleMapStage 18, ShuffleMapStage 29)
20/11/10 17:49:32 INFO DAGScheduler: Missing parents for ResultStage 31: List(ShuffleMapStage 30)
20/11/10 17:49:32 INFO DAGScheduler: Missing parents for ShuffleMapStage 18: List()
20/11/10 17:49:32 INFO DAGScheduler: Missing parents for ShuffleMapStage 29: List()
20/11/10 17:49:32 INFO DAGScheduler: Submitting ShuffleMapStage 18 (MapPartitionsRDD[40] at flatMap at Partition.scala:79), which is now runnable
20/11/10 17:49:32 INFO MemoryStore: ensureFreeSpace(3624) called with curMem=189166, maxMem=555755765
20/11/10 17:49:32 INFO MemoryStore: Block broadcast_11 stored as values in memory (estimated size 3.5 KB, free 529.8 MB)
20/11/10 17:49:32 INFO MemoryStore: ensureFreeSpace(1850) called with curMem=192790, maxMem=555755765
20/11/10 17:49:32 INFO MemoryStore: Block broadcast_11_piece0 stored as bytes in memory (estimated size 1850.0 B, free 529.8 MB)
20/11/10 17:49:32 INFO BlockManagerInfo: Added broadcast_11_piece0 in memory on localhost:45360 (size: 1850.0 B, free: 530.0 MB)
20/11/10 17:49:32 INFO SparkContext: Created broadcast 11 from broadcast at DAGScheduler.scala:861
20/11/10 17:49:32 INFO DAGScheduler: Submitting 2 missing tasks from ShuffleMapStage 18 (MapPartitionsRDD[40] at flatMap at Partition.scala:79)
20/11/10 17:49:32 INFO TaskSchedulerImpl: Adding task set 18.0 with 2 tasks
20/11/10 17:49:32 INFO TaskSetManager: Starting task 0.0 in stage 18.0 (TID 20, localhost, PROCESS_LOCAL, 2174 bytes)
20/11/10 17:49:32 INFO TaskSetManager: Starting task 1.0 in stage 18.0 (TID 21, localhost, PROCESS_LOCAL, 2174 bytes)
20/11/10 17:49:32 INFO Executor: Running task 0.0 in stage 18.0 (TID 20)
20/11/10 17:49:32 INFO Executor: Running task 1.0 in stage 18.0 (TID 21)
20/11/10 17:49:32 INFO ShuffleBlockFetcherIterator: Getting 2 non-empty blocks out of 2 blocks
20/11/10 17:49:32 INFO ShuffleBlockFetcherIterator: Started 0 remote fetches in 0 ms
20/11/10 17:49:32 INFO ShuffleBlockFetcherIterator: Getting 2 non-empty blocks out of 2 blocks
20/11/10 17:49:32 INFO ShuffleBlockFetcherIterator: Started 0 remote fetches in 0 ms
20/11/10 17:49:32 INFO ShuffleBlockFetcherIterator: Getting 2 non-empty blocks out of 2 blocks
20/11/10 17:49:32 INFO ShuffleBlockFetcherIterator: Started 0 remote fetches in 0 ms
20/11/10 17:49:32 INFO ShuffleBlockFetcherIterator: Getting 2 non-empty blocks out of 2 blocks
20/11/10 17:49:32 INFO ShuffleBlockFetcherIterator: Started 0 remote fetches in 0 ms
20/11/10 17:49:32 INFO DAGScheduler: Submitting ShuffleMapStage 29 (MapPartitionsRDD[42] at map at Partition.scala:79), which is now runnable
20/11/10 17:49:32 INFO Executor: Finished task 0.0 in stage 18.0 (TID 20). 1375 bytes result sent to driver
20/11/10 17:49:32 INFO MemoryStore: ensureFreeSpace(3512) called with curMem=194640, maxMem=555755765
20/11/10 17:49:32 INFO MemoryStore: Block broadcast_12 stored as values in memory (estimated size 3.4 KB, free 529.8 MB)
20/11/10 17:49:32 INFO MemoryStore: ensureFreeSpace(1815) called with curMem=198152, maxMem=555755765
20/11/10 17:49:32 INFO MemoryStore: Block broadcast_12_piece0 stored as bytes in memory (estimated size 1815.0 B, free 529.8 MB)
20/11/10 17:49:32 INFO TaskSetManager: Finished task 0.0 in stage 18.0 (TID 20) in 19 ms on localhost (1/2)
20/11/10 17:49:32 INFO BlockManagerInfo: Added broadcast_12_piece0 in memory on localhost:45360 (size: 1815.0 B, free: 530.0 MB)
20/11/10 17:49:32 INFO SparkContext: Created broadcast 12 from broadcast at DAGScheduler.scala:861
20/11/10 17:49:32 INFO DAGScheduler: Submitting 2 missing tasks from ShuffleMapStage 29 (MapPartitionsRDD[42] at map at Partition.scala:79)
20/11/10 17:49:32 INFO TaskSchedulerImpl: Adding task set 29.0 with 2 tasks
20/11/10 17:49:32 INFO TaskSetManager: Starting task 0.0 in stage 29.0 (TID 22, localhost, PROCESS_LOCAL, 2174 bytes)
20/11/10 17:49:32 INFO Executor: Running task 0.0 in stage 29.0 (TID 22)
20/11/10 17:49:32 INFO ShuffleBlockFetcherIterator: Getting 2 non-empty blocks out of 2 blocks
20/11/10 17:49:32 INFO ShuffleBlockFetcherIterator: Started 0 remote fetches in 0 ms
20/11/10 17:49:32 INFO ShuffleBlockFetcherIterator: Getting 2 non-empty blocks out of 2 blocks
20/11/10 17:49:32 INFO ShuffleBlockFetcherIterator: Started 0 remote fetches in 0 ms
20/11/10 17:49:32 INFO Executor: Finished task 1.0 in stage 18.0 (TID 21). 1375 bytes result sent to driver
20/11/10 17:49:32 INFO TaskSetManager: Starting task 1.0 in stage 29.0 (TID 23, localhost, PROCESS_LOCAL, 2174 bytes)
20/11/10 17:49:32 INFO Executor: Running task 1.0 in stage 29.0 (TID 23)
20/11/10 17:49:32 INFO TaskSetManager: Finished task 1.0 in stage 18.0 (TID 21) in 31 ms on localhost (2/2)
20/11/10 17:49:32 INFO TaskSchedulerImpl: Removed TaskSet 18.0, whose tasks have all completed, from pool 
20/11/10 17:49:32 INFO ShuffleBlockFetcherIterator: Getting 2 non-empty blocks out of 2 blocks
20/11/10 17:49:32 INFO ShuffleBlockFetcherIterator: Started 0 remote fetches in 0 ms
20/11/10 17:49:32 INFO ShuffleBlockFetcherIterator: Getting 2 non-empty blocks out of 2 blocks
20/11/10 17:49:32 INFO ShuffleBlockFetcherIterator: Started 0 remote fetches in 0 ms
20/11/10 17:49:32 INFO Executor: Finished task 1.0 in stage 29.0 (TID 23). 1375 bytes result sent to driver
20/11/10 17:49:32 INFO DAGScheduler: ShuffleMapStage 18 (flatMap at Partition.scala:79) finished in 0.028 s
20/11/10 17:49:32 INFO DAGScheduler: looking for newly runnable stages
20/11/10 17:49:32 INFO DAGScheduler: running: Set(ShuffleMapStage 29)
20/11/10 17:49:32 INFO DAGScheduler: waiting: Set(ShuffleMapStage 30, ResultStage 31)
20/11/10 17:49:32 INFO DAGScheduler: failed: Set()
20/11/10 17:49:32 INFO DAGScheduler: Missing parents for ShuffleMapStage 30: List(ShuffleMapStage 29)
20/11/10 17:49:32 INFO DAGScheduler: Missing parents for ResultStage 31: List(ShuffleMapStage 30)
20/11/10 17:49:32 INFO TaskSetManager: Finished task 1.0 in stage 29.0 (TID 23) in 9 ms on localhost (1/2)
20/11/10 17:49:32 INFO Executor: Finished task 0.0 in stage 29.0 (TID 22). 1375 bytes result sent to driver
20/11/10 17:49:32 INFO TaskSetManager: Finished task 0.0 in stage 29.0 (TID 22) in 22 ms on localhost (2/2)
20/11/10 17:49:32 INFO TaskSchedulerImpl: Removed TaskSet 29.0, whose tasks have all completed, from pool 
20/11/10 17:49:32 INFO DAGScheduler: ShuffleMapStage 29 (map at Partition.scala:79) finished in 0.019 s
20/11/10 17:49:32 INFO DAGScheduler: looking for newly runnable stages
20/11/10 17:49:32 INFO DAGScheduler: running: Set()
20/11/10 17:49:32 INFO DAGScheduler: waiting: Set(ShuffleMapStage 30, ResultStage 31)
20/11/10 17:49:32 INFO DAGScheduler: failed: Set()
20/11/10 17:49:32 INFO DAGScheduler: Missing parents for ShuffleMapStage 30: List()
20/11/10 17:49:32 INFO DAGScheduler: Missing parents for ResultStage 31: List(ShuffleMapStage 30)
20/11/10 17:49:32 INFO DAGScheduler: Submitting ShuffleMapStage 30 (MapPartitionsRDD[47] at map at Partition.scala:82), which is now runnable
20/11/10 17:49:32 INFO MemoryStore: ensureFreeSpace(3552) called with curMem=199967, maxMem=555755765
20/11/10 17:49:32 INFO MemoryStore: Block broadcast_13 stored as values in memory (estimated size 3.5 KB, free 529.8 MB)
20/11/10 17:49:32 INFO MemoryStore: ensureFreeSpace(1846) called with curMem=203519, maxMem=555755765
20/11/10 17:49:32 INFO MemoryStore: Block broadcast_13_piece0 stored as bytes in memory (estimated size 1846.0 B, free 529.8 MB)
20/11/10 17:49:32 INFO BlockManagerInfo: Added broadcast_13_piece0 in memory on localhost:45360 (size: 1846.0 B, free: 530.0 MB)
20/11/10 17:49:32 INFO SparkContext: Created broadcast 13 from broadcast at DAGScheduler.scala:861
20/11/10 17:49:32 INFO DAGScheduler: Submitting 2 missing tasks from ShuffleMapStage 30 (MapPartitionsRDD[47] at map at Partition.scala:82)
20/11/10 17:49:32 INFO TaskSchedulerImpl: Adding task set 30.0 with 2 tasks
20/11/10 17:49:32 INFO TaskSetManager: Starting task 0.0 in stage 30.0 (TID 24, localhost, PROCESS_LOCAL, 2174 bytes)
20/11/10 17:49:32 INFO TaskSetManager: Starting task 1.0 in stage 30.0 (TID 25, localhost, PROCESS_LOCAL, 2174 bytes)
20/11/10 17:49:32 INFO Executor: Running task 1.0 in stage 30.0 (TID 25)
20/11/10 17:49:32 INFO ShuffleBlockFetcherIterator: Getting 2 non-empty blocks out of 2 blocks
20/11/10 17:49:32 INFO ShuffleBlockFetcherIterator: Started 0 remote fetches in 0 ms
20/11/10 17:49:32 INFO ShuffleBlockFetcherIterator: Getting 2 non-empty blocks out of 2 blocks
20/11/10 17:49:32 INFO ShuffleBlockFetcherIterator: Started 0 remote fetches in 0 ms
20/11/10 17:49:32 INFO Executor: Finished task 1.0 in stage 30.0 (TID 25). 1375 bytes result sent to driver
20/11/10 17:49:32 INFO Executor: Running task 0.0 in stage 30.0 (TID 24)
20/11/10 17:49:32 INFO ShuffleBlockFetcherIterator: Getting 2 non-empty blocks out of 2 blocks
20/11/10 17:49:32 INFO ShuffleBlockFetcherIterator: Started 0 remote fetches in 0 ms
20/11/10 17:49:32 INFO ShuffleBlockFetcherIterator: Getting 2 non-empty blocks out of 2 blocks
20/11/10 17:49:32 INFO ShuffleBlockFetcherIterator: Started 0 remote fetches in 0 ms
20/11/10 17:49:32 INFO Executor: Finished task 0.0 in stage 30.0 (TID 24). 1375 bytes result sent to driver
20/11/10 17:49:32 INFO TaskSetManager: Finished task 1.0 in stage 30.0 (TID 25) in 14 ms on localhost (1/2)
20/11/10 17:49:32 INFO TaskSetManager: Finished task 0.0 in stage 30.0 (TID 24) in 14 ms on localhost (2/2)
20/11/10 17:49:32 INFO TaskSchedulerImpl: Removed TaskSet 30.0, whose tasks have all completed, from pool 
20/11/10 17:49:32 INFO DAGScheduler: ShuffleMapStage 30 (map at Partition.scala:82) finished in 0.008 s
20/11/10 17:49:32 INFO DAGScheduler: looking for newly runnable stages
20/11/10 17:49:32 INFO DAGScheduler: running: Set()
20/11/10 17:49:32 INFO DAGScheduler: waiting: Set(ResultStage 31)
20/11/10 17:49:32 INFO DAGScheduler: failed: Set()
20/11/10 17:49:32 INFO DAGScheduler: Missing parents for ResultStage 31: List()
20/11/10 17:49:32 INFO DAGScheduler: Submitting ResultStage 31 (ShuffledRDD[48] at reduceByKey at Partition.scala:82), which is now runnable
20/11/10 17:49:32 INFO MemoryStore: ensureFreeSpace(2288) called with curMem=205365, maxMem=555755765
20/11/10 17:49:32 INFO MemoryStore: Block broadcast_14 stored as values in memory (estimated size 2.2 KB, free 529.8 MB)
20/11/10 17:49:32 INFO MemoryStore: ensureFreeSpace(1368) called with curMem=207653, maxMem=555755765
20/11/10 17:49:32 INFO MemoryStore: Block broadcast_14_piece0 stored as bytes in memory (estimated size 1368.0 B, free 529.8 MB)
20/11/10 17:49:32 INFO BlockManagerInfo: Added broadcast_14_piece0 in memory on localhost:45360 (size: 1368.0 B, free: 530.0 MB)
20/11/10 17:49:32 INFO SparkContext: Created broadcast 14 from broadcast at DAGScheduler.scala:861
20/11/10 17:49:32 INFO DAGScheduler: Submitting 2 missing tasks from ResultStage 31 (ShuffledRDD[48] at reduceByKey at Partition.scala:82)
20/11/10 17:49:32 INFO TaskSchedulerImpl: Adding task set 31.0 with 2 tasks
20/11/10 17:49:32 INFO TaskSetManager: Starting task 0.0 in stage 31.0 (TID 26, localhost, PROCESS_LOCAL, 1958 bytes)
20/11/10 17:49:32 INFO TaskSetManager: Starting task 1.0 in stage 31.0 (TID 27, localhost, PROCESS_LOCAL, 1958 bytes)
20/11/10 17:49:32 INFO Executor: Running task 0.0 in stage 31.0 (TID 26)
20/11/10 17:49:32 INFO Executor: Running task 1.0 in stage 31.0 (TID 27)
20/11/10 17:49:32 INFO ShuffleBlockFetcherIterator: Getting 2 non-empty blocks out of 2 blocks
20/11/10 17:49:32 INFO ShuffleBlockFetcherIterator: Started 0 remote fetches in 0 ms
20/11/10 17:49:32 INFO ShuffleBlockFetcherIterator: Getting 2 non-empty blocks out of 2 blocks
20/11/10 17:49:32 INFO ShuffleBlockFetcherIterator: Started 0 remote fetches in 0 ms
20/11/10 17:49:32 INFO Executor: Finished task 1.0 in stage 31.0 (TID 27). 1472 bytes result sent to driver
20/11/10 17:49:32 INFO TaskSetManager: Finished task 1.0 in stage 31.0 (TID 27) in 5 ms on localhost (1/2)
20/11/10 17:49:32 INFO Executor: Finished task 0.0 in stage 31.0 (TID 26). 1477 bytes result sent to driver
20/11/10 17:49:32 INFO TaskSetManager: Finished task 0.0 in stage 31.0 (TID 26) in 7 ms on localhost (2/2)
20/11/10 17:49:32 INFO TaskSchedulerImpl: Removed TaskSet 31.0, whose tasks have all completed, from pool 
20/11/10 17:49:32 INFO DAGScheduler: ResultStage 31 (collect at Partition.scala:82) finished in 0.003 s
20/11/10 17:49:32 INFO DAGScheduler: Job 0 finished: collect at Partition.scala:82, took 0.829061 s
(100,7)
(82,4)
(118,12)
(90,2)
(88,7)
(101,7)
(105,7)
(125,15)
(69,2)
(67,1)
20/11/10 17:49:32 INFO SparkContext: Invoking stop() from shutdown hook
20/11/10 17:49:33 INFO SparkUI: Stopped Spark web UI at http://198.202.118.106:4040
20/11/10 17:49:33 INFO DAGScheduler: Stopping DAGScheduler
20/11/10 17:49:33 INFO MapOutputTrackerMasterEndpoint: MapOutputTrackerMasterEndpoint stopped!
20/11/10 17:49:33 INFO MemoryStore: MemoryStore cleared
20/11/10 17:49:33 INFO BlockManager: BlockManager stopped
20/11/10 17:49:33 INFO BlockManagerMaster: BlockManagerMaster stopped
20/11/10 17:49:33 INFO OutputCommitCoordinator$OutputCommitCoordinatorEndpoint: OutputCommitCoordinator stopped!
20/11/10 17:49:33 INFO SparkContext: Successfully stopped SparkContext
20/11/10 17:49:33 INFO ShutdownHookManager: Shutdown hook called
20/11/10 17:49:33 INFO ShutdownHookManager: Deleting directory /tmp/spark-d5bc2ed1-886d-4626-96a0-050525681dfb
